{"C:\\Users\\EDWIN\\Documents\\GitHub\\Gestion-Parabellum-Group\\Backend\\src\\config\\db.js": {"path":"C:\\Users\\EDWIN\\Documents\\GitHub\\Gestion-Parabellum-Group\\Backend\\src\\config\\db.js","statementMap":{"0":{"start":{"line":2,"column":22},"end":{"line":4,"column":1}},"1":{"start":{"line":3,"column":4},"end":{"line":3,"column":62}},"2":{"start":{"line":5,"column":0},"end":{"line":5,"column":62}},"3":{"start":{"line":6,"column":13},"end":{"line":6,"column":26}},"4":{"start":{"line":7,"column":17},"end":{"line":7,"column":51}},"5":{"start":{"line":8,"column":0},"end":{"line":8,"column":26}},"6":{"start":{"line":9,"column":13},"end":{"line":18,"column":2}},"7":{"start":{"line":20,"column":0},"end":{"line":33,"column":3}},"8":{"start":{"line":21,"column":4},"end":{"line":23,"column":5}},"9":{"start":{"line":22,"column":8},"end":{"line":22,"column":95}},"10":{"start":{"line":24,"column":4},"end":{"line":32,"column":5}},"11":{"start":{"line":25,"column":8},"end":{"line":31,"column":11}},"12":{"start":{"line":26,"column":12},"end":{"line":26,"column":22}},"13":{"start":{"line":27,"column":12},"end":{"line":29,"column":13}},"14":{"start":{"line":28,"column":16},"end":{"line":28,"column":100}},"15":{"start":{"line":30,"column":12},"end":{"line":30,"column":120}},"16":{"start":{"line":34,"column":0},"end":{"line":34,"column":23}}},"fnMap":{"0":{"name":"(anonymous_0)","decl":{"start":{"line":2,"column":56},"end":{"line":2,"column":57}},"loc":{"start":{"line":2,"column":71},"end":{"line":4,"column":1}},"line":2},"1":{"name":"(anonymous_1)","decl":{"start":{"line":20,"column":13},"end":{"line":20,"column":14}},"loc":{"start":{"line":20,"column":39},"end":{"line":33,"column":1}},"line":20},"2":{"name":"(anonymous_2)","decl":{"start":{"line":25,"column":37},"end":{"line":25,"column":38}},"loc":{"start":{"line":25,"column":54},"end":{"line":31,"column":9}},"line":25}},"branchMap":{"0":{"loc":{"start":{"line":2,"column":22},"end":{"line":4,"column":1}},"type":"binary-expr","locations":[{"start":{"line":2,"column":23},"end":{"line":2,"column":27}},{"start":{"line":2,"column":31},"end":{"line":2,"column":51}},{"start":{"line":2,"column":56},"end":{"line":4,"column":1}}],"line":2},"1":{"loc":{"start":{"line":3,"column":11},"end":{"line":3,"column":61}},"type":"cond-expr","locations":[{"start":{"line":3,"column":37},"end":{"line":3,"column":40}},{"start":{"line":3,"column":43},"end":{"line":3,"column":61}}],"line":3},"2":{"loc":{"start":{"line":3,"column":12},"end":{"line":3,"column":33}},"type":"binary-expr","locations":[{"start":{"line":3,"column":12},"end":{"line":3,"column":15}},{"start":{"line":3,"column":19},"end":{"line":3,"column":33}}],"line":3},"3":{"loc":{"start":{"line":10,"column":10},"end":{"line":10,"column":43}},"type":"binary-expr","locations":[{"start":{"line":10,"column":10},"end":{"line":10,"column":29}},{"start":{"line":10,"column":33},"end":{"line":10,"column":43}}],"line":10},"4":{"loc":{"start":{"line":11,"column":10},"end":{"line":11,"column":44}},"type":"binary-expr","locations":[{"start":{"line":11,"column":10},"end":{"line":11,"column":29}},{"start":{"line":11,"column":33},"end":{"line":11,"column":44}}],"line":11},"5":{"loc":{"start":{"line":12,"column":14},"end":{"line":12,"column":56}},"type":"binary-expr","locations":[{"start":{"line":12,"column":14},"end":{"line":12,"column":37}},{"start":{"line":12,"column":41},"end":{"line":12,"column":56}}],"line":12},"6":{"loc":{"start":{"line":13,"column":14},"end":{"line":13,"column":51}},"type":"binary-expr","locations":[{"start":{"line":13,"column":14},"end":{"line":13,"column":37}},{"start":{"line":13,"column":41},"end":{"line":13,"column":51}}],"line":13},"7":{"loc":{"start":{"line":14,"column":19},"end":{"line":14,"column":48}},"type":"binary-expr","locations":[{"start":{"line":14,"column":19},"end":{"line":14,"column":38}},{"start":{"line":14,"column":42},"end":{"line":14,"column":48}}],"line":14},"8":{"loc":{"start":{"line":21,"column":4},"end":{"line":23,"column":5}},"type":"if","locations":[{"start":{"line":21,"column":4},"end":{"line":23,"column":5}},{"start":{},"end":{}}],"line":21},"9":{"loc":{"start":{"line":24,"column":4},"end":{"line":32,"column":5}},"type":"if","locations":[{"start":{"line":24,"column":4},"end":{"line":32,"column":5}},{"start":{},"end":{}}],"line":24},"10":{"loc":{"start":{"line":27,"column":12},"end":{"line":29,"column":13}},"type":"if","locations":[{"start":{"line":27,"column":12},"end":{"line":29,"column":13}},{"start":{},"end":{}}],"line":27}},"s":{"0":7,"1":7,"2":7,"3":7,"4":7,"5":7,"6":7,"7":7,"8":0,"9":0,"10":0,"11":0,"12":0,"13":0,"14":0,"15":0,"16":7},"f":{"0":7,"1":0,"2":0},"b":{"0":[7,7,7],"1":[0,7],"2":[7,7],"3":[7,0],"4":[7,0],"5":[7,0],"6":[7,0],"7":[7,0],"8":[0,0],"9":[0,0],"10":[0,0]},"inputSourceMap":null,"_coverageSchema":"1a1c01bbd47fc00a2c39e90264f33305004495a9","hash":"fd66af08932eb92c45e62a01015de18b00af8ac2"}
,"C:\\Users\\EDWIN\\Documents\\GitHub\\Gestion-Parabellum-Group\\Backend\\src\\middlewares\\errorHandler.middleware.js": {"path":"C:\\Users\\EDWIN\\Documents\\GitHub\\Gestion-Parabellum-Group\\Backend\\src\\middlewares\\errorHandler.middleware.js","statementMap":{"0":{"start":{"line":2,"column":13},"end":{"line":12,"column":1}},"1":{"start":{"line":3,"column":12},"end":{"line":3,"column":14}},"2":{"start":{"line":4,"column":4},"end":{"line":5,"column":20}},"3":{"start":{"line":4,"column":21},"end":{"line":5,"column":20}},"4":{"start":{"line":5,"column":8},"end":{"line":5,"column":20}},"5":{"start":{"line":6,"column":4},"end":{"line":10,"column":9}},"6":{"start":{"line":7,"column":8},"end":{"line":10,"column":9}},"7":{"start":{"line":7,"column":21},"end":{"line":7,"column":22}},"8":{"start":{"line":7,"column":28},"end":{"line":7,"column":59}},"9":{"start":{"line":8,"column":12},"end":{"line":9,"column":34}},"10":{"start":{"line":9,"column":16},"end":{"line":9,"column":34}},"11":{"start":{"line":11,"column":4},"end":{"line":11,"column":13}},"12":{"start":{"line":13,"column":0},"end":{"line":13,"column":62}},"13":{"start":{"line":14,"column":0},"end":{"line":14,"column":56}},"14":{"start":{"line":18,"column":8},"end":{"line":18,"column":23}},"15":{"start":{"line":19,"column":8},"end":{"line":19,"column":37}},"16":{"start":{"line":20,"column":8},"end":{"line":20,"column":31}},"17":{"start":{"line":21,"column":8},"end":{"line":21,"column":57}},"18":{"start":{"line":24,"column":0},"end":{"line":24,"column":30}},"19":{"start":{"line":25,"column":27},"end":{"line":54,"column":1}},"20":{"start":{"line":26,"column":4},"end":{"line":26,"column":50}},"21":{"start":{"line":27,"column":26},"end":{"line":31,"column":5}},"22":{"start":{"line":32,"column":4},"end":{"line":47,"column":5}},"23":{"start":{"line":33,"column":8},"end":{"line":33,"column":44}},"24":{"start":{"line":34,"column":8},"end":{"line":34,"column":50}},"25":{"start":{"line":35,"column":8},"end":{"line":37,"column":9}},"26":{"start":{"line":36,"column":12},"end":{"line":36,"column":48}},"27":{"start":{"line":39,"column":9},"end":{"line":47,"column":5}},"28":{"start":{"line":40,"column":8},"end":{"line":40,"column":82}},"29":{"start":{"line":41,"column":8},"end":{"line":41,"column":39}},"30":{"start":{"line":43,"column":9},"end":{"line":47,"column":5}},"31":{"start":{"line":44,"column":8},"end":{"line":44,"column":68}},"32":{"start":{"line":45,"column":8},"end":{"line":45,"column":39}},"33":{"start":{"line":46,"column":8},"end":{"line":46,"column":45}},"34":{"start":{"line":50,"column":29},"end":{"line":50,"column":60}},"35":{"start":{"line":52,"column":27},"end":{"line":52,"column":40}},"36":{"start":{"line":52,"column":57},"end":{"line":52,"column":94}},"37":{"start":{"line":53,"column":4},"end":{"line":53,"column":52}},"38":{"start":{"line":55,"column":0},"end":{"line":55,"column":48}}},"fnMap":{"0":{"name":"(anonymous_0)","decl":{"start":{"line":2,"column":38},"end":{"line":2,"column":39}},"loc":{"start":{"line":2,"column":54},"end":{"line":12,"column":1}},"line":2},"1":{"name":"(anonymous_1)","decl":{"start":{"line":17,"column":4},"end":{"line":17,"column":5}},"loc":{"start":{"line":17,"column":46},"end":{"line":22,"column":5}},"line":17},"2":{"name":"(anonymous_2)","decl":{"start":{"line":25,"column":27},"end":{"line":25,"column":28}},"loc":{"start":{"line":25,"column":52},"end":{"line":54,"column":1}},"line":25}},"branchMap":{"0":{"loc":{"start":{"line":2,"column":13},"end":{"line":12,"column":1}},"type":"binary-expr","locations":[{"start":{"line":2,"column":14},"end":{"line":2,"column":18}},{"start":{"line":2,"column":22},"end":{"line":2,"column":33}},{"start":{"line":2,"column":38},"end":{"line":12,"column":1}}],"line":2},"1":{"loc":{"start":{"line":4,"column":21},"end":{"line":5,"column":20}},"type":"if","locations":[{"start":{"line":4,"column":21},"end":{"line":5,"column":20}},{"start":{},"end":{}}],"line":4},"2":{"loc":{"start":{"line":4,"column":25},"end":{"line":4,"column":87}},"type":"binary-expr","locations":[{"start":{"line":4,"column":25},"end":{"line":4,"column":67}},{"start":{"line":4,"column":71},"end":{"line":4,"column":87}}],"line":4},"3":{"loc":{"start":{"line":6,"column":4},"end":{"line":10,"column":9}},"type":"if","locations":[{"start":{"line":6,"column":4},"end":{"line":10,"column":9}},{"start":{},"end":{}}],"line":6},"4":{"loc":{"start":{"line":6,"column":8},"end":{"line":6,"column":71}},"type":"binary-expr","locations":[{"start":{"line":6,"column":8},"end":{"line":6,"column":17}},{"start":{"line":6,"column":21},"end":{"line":6,"column":71}}],"line":6},"5":{"loc":{"start":{"line":8,"column":12},"end":{"line":9,"column":34}},"type":"if","locations":[{"start":{"line":8,"column":12},"end":{"line":9,"column":34}},{"start":{},"end":{}}],"line":8},"6":{"loc":{"start":{"line":8,"column":16},"end":{"line":8,"column":90}},"type":"binary-expr","locations":[{"start":{"line":8,"column":16},"end":{"line":8,"column":35}},{"start":{"line":8,"column":39},"end":{"line":8,"column":90}}],"line":8},"7":{"loc":{"start":{"line":32,"column":4},"end":{"line":47,"column":5}},"type":"if","locations":[{"start":{"line":32,"column":4},"end":{"line":47,"column":5}},{"start":{"line":39,"column":9},"end":{"line":47,"column":5}}],"line":32},"8":{"loc":{"start":{"line":35,"column":8},"end":{"line":37,"column":9}},"type":"if","locations":[{"start":{"line":35,"column":8},"end":{"line":37,"column":9}},{"start":{},"end":{}}],"line":35},"9":{"loc":{"start":{"line":39,"column":9},"end":{"line":47,"column":5}},"type":"if","locations":[{"start":{"line":39,"column":9},"end":{"line":47,"column":5}},{"start":{"line":43,"column":9},"end":{"line":47,"column":5}}],"line":39},"10":{"loc":{"start":{"line":43,"column":9},"end":{"line":47,"column":5}},"type":"if","locations":[{"start":{"line":43,"column":9},"end":{"line":47,"column":5}},{"start":{},"end":{}}],"line":43},"11":{"loc":{"start":{"line":50,"column":29},"end":{"line":50,"column":60}},"type":"binary-expr","locations":[{"start":{"line":50,"column":29},"end":{"line":50,"column":53}},{"start":{"line":50,"column":57},"end":{"line":50,"column":60}}],"line":50}},"s":{"0":3,"1":0,"2":0,"3":0,"4":0,"5":0,"6":0,"7":0,"8":0,"9":0,"10":0,"11":0,"12":3,"13":3,"14":0,"15":0,"16":0,"17":0,"18":3,"19":3,"20":0,"21":0,"22":0,"23":0,"24":0,"25":0,"26":0,"27":0,"28":0,"29":0,"30":0,"31":0,"32":0,"33":0,"34":0,"35":0,"36":0,"37":0,"38":3},"f":{"0":0,"1":0,"2":0},"b":{"0":[3,3,3],"1":[0,0],"2":[0,0],"3":[0,0],"4":[0,0],"5":[0,0],"6":[0,0],"7":[0,0],"8":[0,0],"9":[0,0],"10":[0,0],"11":[0,0]},"inputSourceMap":null,"_coverageSchema":"1a1c01bbd47fc00a2c39e90264f33305004495a9","hash":"c3a94335b559ac3c5a83681b6cd1ad07d3f159fc"}
,"C:\\Users\\EDWIN\\Documents\\GitHub\\Gestion-Parabellum-Group\\Backend\\src\\services\\auth.service.js": {"path":"C:\\Users\\EDWIN\\Documents\\GitHub\\Gestion-Parabellum-Group\\Backend\\src\\services\\auth.service.js","statementMap":{"0":{"start":{"line":2,"column":16},"end":{"line":10,"column":1}},"1":{"start":{"line":3,"column":28},"end":{"line":3,"column":110}},"2":{"start":{"line":3,"column":91},"end":{"line":3,"column":106}},"3":{"start":{"line":4,"column":4},"end":{"line":9,"column":7}},"4":{"start":{"line":5,"column":36},"end":{"line":5,"column":97}},"5":{"start":{"line":5,"column":42},"end":{"line":5,"column":70}},"6":{"start":{"line":5,"column":85},"end":{"line":5,"column":95}},"7":{"start":{"line":6,"column":35},"end":{"line":6,"column":100}},"8":{"start":{"line":6,"column":41},"end":{"line":6,"column":73}},"9":{"start":{"line":6,"column":88},"end":{"line":6,"column":98}},"10":{"start":{"line":7,"column":32},"end":{"line":7,"column":116}},"11":{"start":{"line":8,"column":8},"end":{"line":8,"column":78}},"12":{"start":{"line":11,"column":22},"end":{"line":13,"column":1}},"13":{"start":{"line":12,"column":4},"end":{"line":12,"column":62}},"14":{"start":{"line":14,"column":0},"end":{"line":14,"column":62}},"15":{"start":{"line":15,"column":0},"end":{"line":15,"column":29}},"16":{"start":{"line":16,"column":19},"end":{"line":16,"column":55}},"17":{"start":{"line":17,"column":23},"end":{"line":17,"column":63}},"18":{"start":{"line":18,"column":17},"end":{"line":18,"column":51}},"19":{"start":{"line":19,"column":34},"end":{"line":19,"column":83}},"20":{"start":{"line":20,"column":0},"end":{"line":20,"column":26}},"21":{"start":{"line":22,"column":19},"end":{"line":22,"column":74}},"22":{"start":{"line":23,"column":23},"end":{"line":23,"column":57}},"23":{"start":{"line":26,"column":8},"end":{"line":26,"column":53}},"24":{"start":{"line":32,"column":8},"end":{"line":53,"column":11}},"25":{"start":{"line":33,"column":12},"end":{"line":52,"column":13}},"26":{"start":{"line":34,"column":38},"end":{"line":34,"column":84}},"27":{"start":{"line":36,"column":39},"end":{"line":36,"column":68}},"28":{"start":{"line":37,"column":30},"end":{"line":37,"column":138}},"29":{"start":{"line":38,"column":16},"end":{"line":44,"column":18}},"30":{"start":{"line":47,"column":16},"end":{"line":49,"column":17}},"31":{"start":{"line":48,"column":20},"end":{"line":48,"column":86}},"32":{"start":{"line":50,"column":16},"end":{"line":50,"column":74}},"33":{"start":{"line":51,"column":16},"end":{"line":51,"column":120}},"34":{"start":{"line":59,"column":8},"end":{"line":90,"column":11}},"35":{"start":{"line":61,"column":12},"end":{"line":89,"column":13}},"36":{"start":{"line":62,"column":36},"end":{"line":62,"column":96}},"37":{"start":{"line":63,"column":16},"end":{"line":65,"column":17}},"38":{"start":{"line":64,"column":20},"end":{"line":64,"column":107}},"39":{"start":{"line":66,"column":40},"end":{"line":66,"column":118}},"40":{"start":{"line":67,"column":16},"end":{"line":69,"column":17}},"41":{"start":{"line":68,"column":20},"end":{"line":68,"column":107}},"42":{"start":{"line":70,"column":39},"end":{"line":70,"column":68}},"43":{"start":{"line":71,"column":30},"end":{"line":71,"column":142}},"44":{"start":{"line":72,"column":16},"end":{"line":81,"column":18}},"45":{"start":{"line":84,"column":16},"end":{"line":86,"column":17}},"46":{"start":{"line":85,"column":20},"end":{"line":85,"column":32}},"47":{"start":{"line":87,"column":16},"end":{"line":87,"column":70}},"48":{"start":{"line":88,"column":16},"end":{"line":88,"column":99}},"49":{"start":{"line":96,"column":8},"end":{"line":101,"column":9}},"50":{"start":{"line":97,"column":12},"end":{"line":97,"column":68}},"51":{"start":{"line":100,"column":12},"end":{"line":100,"column":92}},"52":{"start":{"line":104,"column":0},"end":{"line":104,"column":34}}},"fnMap":{"0":{"name":"(anonymous_0)","decl":{"start":{"line":2,"column":44},"end":{"line":2,"column":45}},"loc":{"start":{"line":2,"column":89},"end":{"line":10,"column":1}},"line":2},"1":{"name":"adopt","decl":{"start":{"line":3,"column":13},"end":{"line":3,"column":18}},"loc":{"start":{"line":3,"column":26},"end":{"line":3,"column":112}},"line":3},"2":{"name":"(anonymous_2)","decl":{"start":{"line":3,"column":70},"end":{"line":3,"column":71}},"loc":{"start":{"line":3,"column":89},"end":{"line":3,"column":108}},"line":3},"3":{"name":"(anonymous_3)","decl":{"start":{"line":4,"column":36},"end":{"line":4,"column":37}},"loc":{"start":{"line":4,"column":63},"end":{"line":9,"column":5}},"line":4},"4":{"name":"fulfilled","decl":{"start":{"line":5,"column":17},"end":{"line":5,"column":26}},"loc":{"start":{"line":5,"column":34},"end":{"line":5,"column":99}},"line":5},"5":{"name":"rejected","decl":{"start":{"line":6,"column":17},"end":{"line":6,"column":25}},"loc":{"start":{"line":6,"column":33},"end":{"line":6,"column":102}},"line":6},"6":{"name":"step","decl":{"start":{"line":7,"column":17},"end":{"line":7,"column":21}},"loc":{"start":{"line":7,"column":30},"end":{"line":7,"column":118}},"line":7},"7":{"name":"(anonymous_7)","decl":{"start":{"line":11,"column":56},"end":{"line":11,"column":57}},"loc":{"start":{"line":11,"column":71},"end":{"line":13,"column":1}},"line":11},"8":{"name":"(anonymous_8)","decl":{"start":{"line":25,"column":4},"end":{"line":25,"column":5}},"loc":{"start":{"line":25,"column":36},"end":{"line":27,"column":5}},"line":25},"9":{"name":"(anonymous_9)","decl":{"start":{"line":31,"column":4},"end":{"line":31,"column":5}},"loc":{"start":{"line":31,"column":23},"end":{"line":54,"column":5}},"line":31},"10":{"name":"(anonymous_10)","decl":{"start":{"line":32,"column":47},"end":{"line":32,"column":48}},"loc":{"start":{"line":32,"column":60},"end":{"line":53,"column":9}},"line":32},"11":{"name":"(anonymous_11)","decl":{"start":{"line":58,"column":4},"end":{"line":58,"column":5}},"loc":{"start":{"line":58,"column":37},"end":{"line":91,"column":5}},"line":58},"12":{"name":"(anonymous_12)","decl":{"start":{"line":59,"column":47},"end":{"line":59,"column":48}},"loc":{"start":{"line":59,"column":60},"end":{"line":90,"column":9}},"line":59},"13":{"name":"(anonymous_13)","decl":{"start":{"line":95,"column":4},"end":{"line":95,"column":5}},"loc":{"start":{"line":95,"column":23},"end":{"line":102,"column":5}},"line":95}},"branchMap":{"0":{"loc":{"start":{"line":2,"column":16},"end":{"line":10,"column":1}},"type":"binary-expr","locations":[{"start":{"line":2,"column":17},"end":{"line":2,"column":21}},{"start":{"line":2,"column":25},"end":{"line":2,"column":39}},{"start":{"line":2,"column":44},"end":{"line":10,"column":1}}],"line":2},"1":{"loc":{"start":{"line":3,"column":35},"end":{"line":3,"column":109}},"type":"cond-expr","locations":[{"start":{"line":3,"column":56},"end":{"line":3,"column":61}},{"start":{"line":3,"column":64},"end":{"line":3,"column":109}}],"line":3},"2":{"loc":{"start":{"line":4,"column":16},"end":{"line":4,"column":34}},"type":"binary-expr","locations":[{"start":{"line":4,"column":16},"end":{"line":4,"column":17}},{"start":{"line":4,"column":22},"end":{"line":4,"column":33}}],"line":4},"3":{"loc":{"start":{"line":7,"column":32},"end":{"line":7,"column":115}},"type":"cond-expr","locations":[{"start":{"line":7,"column":46},"end":{"line":7,"column":67}},{"start":{"line":7,"column":70},"end":{"line":7,"column":115}}],"line":7},"4":{"loc":{"start":{"line":8,"column":51},"end":{"line":8,"column":67}},"type":"binary-expr","locations":[{"start":{"line":8,"column":51},"end":{"line":8,"column":61}},{"start":{"line":8,"column":65},"end":{"line":8,"column":67}}],"line":8},"5":{"loc":{"start":{"line":11,"column":22},"end":{"line":13,"column":1}},"type":"binary-expr","locations":[{"start":{"line":11,"column":23},"end":{"line":11,"column":27}},{"start":{"line":11,"column":31},"end":{"line":11,"column":51}},{"start":{"line":11,"column":56},"end":{"line":13,"column":1}}],"line":11},"6":{"loc":{"start":{"line":12,"column":11},"end":{"line":12,"column":61}},"type":"cond-expr","locations":[{"start":{"line":12,"column":37},"end":{"line":12,"column":40}},{"start":{"line":12,"column":43},"end":{"line":12,"column":61}}],"line":12},"7":{"loc":{"start":{"line":12,"column":12},"end":{"line":12,"column":33}},"type":"binary-expr","locations":[{"start":{"line":12,"column":12},"end":{"line":12,"column":15}},{"start":{"line":12,"column":19},"end":{"line":12,"column":33}}],"line":12},"8":{"loc":{"start":{"line":22,"column":19},"end":{"line":22,"column":74}},"type":"binary-expr","locations":[{"start":{"line":22,"column":19},"end":{"line":22,"column":41}},{"start":{"line":22,"column":45},"end":{"line":22,"column":74}}],"line":22},"9":{"loc":{"start":{"line":23,"column":23},"end":{"line":23,"column":57}},"type":"binary-expr","locations":[{"start":{"line":23,"column":23},"end":{"line":23,"column":49}},{"start":{"line":23,"column":53},"end":{"line":23,"column":57}}],"line":23},"10":{"loc":{"start":{"line":47,"column":16},"end":{"line":49,"column":17}},"type":"if","locations":[{"start":{"line":47,"column":16},"end":{"line":49,"column":17}},{"start":{},"end":{}}],"line":47},"11":{"loc":{"start":{"line":47,"column":20},"end":{"line":47,"column":86}},"type":"binary-expr","locations":[{"start":{"line":47,"column":20},"end":{"line":47,"column":42}},{"start":{"line":47,"column":46},"end":{"line":47,"column":86}}],"line":47},"12":{"loc":{"start":{"line":63,"column":16},"end":{"line":65,"column":17}},"type":"if","locations":[{"start":{"line":63,"column":16},"end":{"line":65,"column":17}},{"start":{},"end":{}}],"line":63},"13":{"loc":{"start":{"line":67,"column":16},"end":{"line":69,"column":17}},"type":"if","locations":[{"start":{"line":67,"column":16},"end":{"line":69,"column":17}},{"start":{},"end":{}}],"line":67},"14":{"loc":{"start":{"line":79,"column":37},"end":{"line":79,"column":108}},"type":"cond-expr","locations":[{"start":{"line":79,"column":89},"end":{"line":79,"column":95}},{"start":{"line":79,"column":98},"end":{"line":79,"column":108}}],"line":79},"15":{"loc":{"start":{"line":79,"column":37},"end":{"line":79,"column":86}},"type":"binary-expr","locations":[{"start":{"line":79,"column":37},"end":{"line":79,"column":69}},{"start":{"line":79,"column":73},"end":{"line":79,"column":86}}],"line":79},"16":{"loc":{"start":{"line":84,"column":16},"end":{"line":86,"column":17}},"type":"if","locations":[{"start":{"line":84,"column":16},"end":{"line":86,"column":17}},{"start":{},"end":{}}],"line":84}},"s":{"0":3,"1":0,"2":0,"3":0,"4":0,"5":0,"6":0,"7":0,"8":0,"9":0,"10":0,"11":0,"12":3,"13":9,"14":3,"15":3,"16":3,"17":3,"18":3,"19":3,"20":3,"21":3,"22":3,"23":21,"24":0,"25":0,"26":0,"27":0,"28":0,"29":0,"30":0,"31":0,"32":0,"33":0,"34":0,"35":0,"36":0,"37":0,"38":0,"39":0,"40":0,"41":0,"42":0,"43":0,"44":0,"45":0,"46":0,"47":0,"48":0,"49":0,"50":0,"51":0,"52":3},"f":{"0":0,"1":0,"2":0,"3":0,"4":0,"5":0,"6":0,"7":9,"8":21,"9":0,"10":0,"11":0,"12":0,"13":0},"b":{"0":[3,3,3],"1":[0,0],"2":[0,0],"3":[0,0],"4":[0,0],"5":[3,3,3],"6":[0,9],"7":[9,9],"8":[3,0],"9":[3,0],"10":[0,0],"11":[0,0],"12":[0,0],"13":[0,0],"14":[0,0],"15":[0,0],"16":[0,0]},"inputSourceMap":null,"_coverageSchema":"1a1c01bbd47fc00a2c39e90264f33305004495a9","hash":"b3e2d5b2808ba5f1fcdd34e2b6d612951a37c336"}
,"C:\\Users\\EDWIN\\Documents\\GitHub\\Gestion-Parabellum-Group\\Backend\\src\\services\\role.service.js": {"path":"C:\\Users\\EDWIN\\Documents\\GitHub\\Gestion-Parabellum-Group\\Backend\\src\\services\\role.service.js","statementMap":{"0":{"start":{"line":2,"column":16},"end":{"line":10,"column":1}},"1":{"start":{"line":3,"column":28},"end":{"line":3,"column":110}},"2":{"start":{"line":3,"column":91},"end":{"line":3,"column":106}},"3":{"start":{"line":4,"column":4},"end":{"line":9,"column":7}},"4":{"start":{"line":5,"column":36},"end":{"line":5,"column":97}},"5":{"start":{"line":5,"column":42},"end":{"line":5,"column":70}},"6":{"start":{"line":5,"column":85},"end":{"line":5,"column":95}},"7":{"start":{"line":6,"column":35},"end":{"line":6,"column":100}},"8":{"start":{"line":6,"column":41},"end":{"line":6,"column":73}},"9":{"start":{"line":6,"column":88},"end":{"line":6,"column":98}},"10":{"start":{"line":7,"column":32},"end":{"line":7,"column":116}},"11":{"start":{"line":8,"column":8},"end":{"line":8,"column":78}},"12":{"start":{"line":11,"column":22},"end":{"line":13,"column":1}},"13":{"start":{"line":12,"column":4},"end":{"line":12,"column":62}},"14":{"start":{"line":14,"column":0},"end":{"line":14,"column":62}},"15":{"start":{"line":15,"column":0},"end":{"line":15,"column":29}},"16":{"start":{"line":16,"column":13},"end":{"line":16,"column":53}},"17":{"start":{"line":19,"column":8},"end":{"line":28,"column":11}},"18":{"start":{"line":20,"column":12},"end":{"line":27,"column":13}},"19":{"start":{"line":21,"column":31},"end":{"line":21,"column":77}},"20":{"start":{"line":22,"column":16},"end":{"line":22,"column":35}},"21":{"start":{"line":25,"column":16},"end":{"line":25,"column":90}},"22":{"start":{"line":26,"column":16},"end":{"line":26,"column":77}},"23":{"start":{"line":31,"column":8},"end":{"line":43,"column":11}},"24":{"start":{"line":32,"column":12},"end":{"line":42,"column":13}},"25":{"start":{"line":33,"column":31},"end":{"line":33,"column":97}},"26":{"start":{"line":34,"column":16},"end":{"line":36,"column":17}},"27":{"start":{"line":35,"column":20},"end":{"line":35,"column":32}},"28":{"start":{"line":37,"column":16},"end":{"line":37,"column":38}},"29":{"start":{"line":40,"column":16},"end":{"line":40,"column":96}},"30":{"start":{"line":41,"column":16},"end":{"line":41,"column":75}},"31":{"start":{"line":46,"column":8},"end":{"line":59,"column":11}},"32":{"start":{"line":47,"column":32},"end":{"line":47,"column":40}},"33":{"start":{"line":48,"column":12},"end":{"line":58,"column":13}},"34":{"start":{"line":49,"column":31},"end":{"line":49,"column":120}},"35":{"start":{"line":50,"column":16},"end":{"line":52,"column":17}},"36":{"start":{"line":51,"column":20},"end":{"line":51,"column":42}},"37":{"start":{"line":53,"column":16},"end":{"line":53,"column":28}},"38":{"start":{"line":56,"column":16},"end":{"line":56,"column":76}},"39":{"start":{"line":57,"column":16},"end":{"line":57,"column":71}},"40":{"start":{"line":62,"column":8},"end":{"line":81,"column":11}},"41":{"start":{"line":63,"column":32},"end":{"line":63,"column":40}},"42":{"start":{"line":64,"column":12},"end":{"line":69,"column":13}},"43":{"start":{"line":65,"column":36},"end":{"line":65,"column":58}},"44":{"start":{"line":66,"column":16},"end":{"line":67,"column":32}},"45":{"start":{"line":67,"column":20},"end":{"line":67,"column":32}},"46":{"start":{"line":68,"column":16},"end":{"line":68,"column":35}},"47":{"start":{"line":70,"column":12},"end":{"line":80,"column":13}},"48":{"start":{"line":71,"column":31},"end":{"line":71,"column":128}},"49":{"start":{"line":72,"column":16},"end":{"line":74,"column":17}},"50":{"start":{"line":73,"column":20},"end":{"line":73,"column":32}},"51":{"start":{"line":75,"column":16},"end":{"line":75,"column":38}},"52":{"start":{"line":78,"column":16},"end":{"line":78,"column":79}},"53":{"start":{"line":79,"column":16},"end":{"line":79,"column":74}},"54":{"start":{"line":84,"column":8},"end":{"line":93,"column":11}},"55":{"start":{"line":85,"column":12},"end":{"line":92,"column":13}},"56":{"start":{"line":86,"column":31},"end":{"line":86,"column":95}},"57":{"start":{"line":87,"column":16},"end":{"line":87,"column":71}},"58":{"start":{"line":90,"column":16},"end":{"line":90,"column":79}},"59":{"start":{"line":91,"column":16},"end":{"line":91,"column":74}},"60":{"start":{"line":96,"column":0},"end":{"line":96,"column":34}}},"fnMap":{"0":{"name":"(anonymous_0)","decl":{"start":{"line":2,"column":44},"end":{"line":2,"column":45}},"loc":{"start":{"line":2,"column":89},"end":{"line":10,"column":1}},"line":2},"1":{"name":"adopt","decl":{"start":{"line":3,"column":13},"end":{"line":3,"column":18}},"loc":{"start":{"line":3,"column":26},"end":{"line":3,"column":112}},"line":3},"2":{"name":"(anonymous_2)","decl":{"start":{"line":3,"column":70},"end":{"line":3,"column":71}},"loc":{"start":{"line":3,"column":89},"end":{"line":3,"column":108}},"line":3},"3":{"name":"(anonymous_3)","decl":{"start":{"line":4,"column":36},"end":{"line":4,"column":37}},"loc":{"start":{"line":4,"column":63},"end":{"line":9,"column":5}},"line":4},"4":{"name":"fulfilled","decl":{"start":{"line":5,"column":17},"end":{"line":5,"column":26}},"loc":{"start":{"line":5,"column":34},"end":{"line":5,"column":99}},"line":5},"5":{"name":"rejected","decl":{"start":{"line":6,"column":17},"end":{"line":6,"column":25}},"loc":{"start":{"line":6,"column":33},"end":{"line":6,"column":102}},"line":6},"6":{"name":"step","decl":{"start":{"line":7,"column":17},"end":{"line":7,"column":21}},"loc":{"start":{"line":7,"column":30},"end":{"line":7,"column":118}},"line":7},"7":{"name":"(anonymous_7)","decl":{"start":{"line":11,"column":56},"end":{"line":11,"column":57}},"loc":{"start":{"line":11,"column":71},"end":{"line":13,"column":1}},"line":11},"8":{"name":"(anonymous_8)","decl":{"start":{"line":18,"column":4},"end":{"line":18,"column":5}},"loc":{"start":{"line":18,"column":13},"end":{"line":29,"column":5}},"line":18},"9":{"name":"(anonymous_9)","decl":{"start":{"line":19,"column":47},"end":{"line":19,"column":48}},"loc":{"start":{"line":19,"column":60},"end":{"line":28,"column":9}},"line":19},"10":{"name":"(anonymous_10)","decl":{"start":{"line":30,"column":4},"end":{"line":30,"column":5}},"loc":{"start":{"line":30,"column":16},"end":{"line":44,"column":5}},"line":30},"11":{"name":"(anonymous_11)","decl":{"start":{"line":31,"column":47},"end":{"line":31,"column":48}},"loc":{"start":{"line":31,"column":60},"end":{"line":43,"column":9}},"line":31},"12":{"name":"(anonymous_12)","decl":{"start":{"line":45,"column":4},"end":{"line":45,"column":5}},"loc":{"start":{"line":45,"column":21},"end":{"line":60,"column":5}},"line":45},"13":{"name":"(anonymous_13)","decl":{"start":{"line":46,"column":47},"end":{"line":46,"column":48}},"loc":{"start":{"line":46,"column":60},"end":{"line":59,"column":9}},"line":46},"14":{"name":"(anonymous_14)","decl":{"start":{"line":61,"column":4},"end":{"line":61,"column":5}},"loc":{"start":{"line":61,"column":25},"end":{"line":82,"column":5}},"line":61},"15":{"name":"(anonymous_15)","decl":{"start":{"line":62,"column":47},"end":{"line":62,"column":48}},"loc":{"start":{"line":62,"column":60},"end":{"line":81,"column":9}},"line":62},"16":{"name":"(anonymous_16)","decl":{"start":{"line":83,"column":4},"end":{"line":83,"column":5}},"loc":{"start":{"line":83,"column":15},"end":{"line":94,"column":5}},"line":83},"17":{"name":"(anonymous_17)","decl":{"start":{"line":84,"column":47},"end":{"line":84,"column":48}},"loc":{"start":{"line":84,"column":60},"end":{"line":93,"column":9}},"line":84}},"branchMap":{"0":{"loc":{"start":{"line":2,"column":16},"end":{"line":10,"column":1}},"type":"binary-expr","locations":[{"start":{"line":2,"column":17},"end":{"line":2,"column":21}},{"start":{"line":2,"column":25},"end":{"line":2,"column":39}},{"start":{"line":2,"column":44},"end":{"line":10,"column":1}}],"line":2},"1":{"loc":{"start":{"line":3,"column":35},"end":{"line":3,"column":109}},"type":"cond-expr","locations":[{"start":{"line":3,"column":56},"end":{"line":3,"column":61}},{"start":{"line":3,"column":64},"end":{"line":3,"column":109}}],"line":3},"2":{"loc":{"start":{"line":4,"column":16},"end":{"line":4,"column":34}},"type":"binary-expr","locations":[{"start":{"line":4,"column":16},"end":{"line":4,"column":17}},{"start":{"line":4,"column":22},"end":{"line":4,"column":33}}],"line":4},"3":{"loc":{"start":{"line":7,"column":32},"end":{"line":7,"column":115}},"type":"cond-expr","locations":[{"start":{"line":7,"column":46},"end":{"line":7,"column":67}},{"start":{"line":7,"column":70},"end":{"line":7,"column":115}}],"line":7},"4":{"loc":{"start":{"line":8,"column":51},"end":{"line":8,"column":67}},"type":"binary-expr","locations":[{"start":{"line":8,"column":51},"end":{"line":8,"column":61}},{"start":{"line":8,"column":65},"end":{"line":8,"column":67}}],"line":8},"5":{"loc":{"start":{"line":11,"column":22},"end":{"line":13,"column":1}},"type":"binary-expr","locations":[{"start":{"line":11,"column":23},"end":{"line":11,"column":27}},{"start":{"line":11,"column":31},"end":{"line":11,"column":51}},{"start":{"line":11,"column":56},"end":{"line":13,"column":1}}],"line":11},"6":{"loc":{"start":{"line":12,"column":11},"end":{"line":12,"column":61}},"type":"cond-expr","locations":[{"start":{"line":12,"column":37},"end":{"line":12,"column":40}},{"start":{"line":12,"column":43},"end":{"line":12,"column":61}}],"line":12},"7":{"loc":{"start":{"line":12,"column":12},"end":{"line":12,"column":33}},"type":"binary-expr","locations":[{"start":{"line":12,"column":12},"end":{"line":12,"column":15}},{"start":{"line":12,"column":19},"end":{"line":12,"column":33}}],"line":12},"8":{"loc":{"start":{"line":34,"column":16},"end":{"line":36,"column":17}},"type":"if","locations":[{"start":{"line":34,"column":16},"end":{"line":36,"column":17}},{"start":{},"end":{}}],"line":34},"9":{"loc":{"start":{"line":50,"column":16},"end":{"line":52,"column":17}},"type":"if","locations":[{"start":{"line":50,"column":16},"end":{"line":52,"column":17}},{"start":{},"end":{}}],"line":50},"10":{"loc":{"start":{"line":64,"column":12},"end":{"line":69,"column":13}},"type":"if","locations":[{"start":{"line":64,"column":12},"end":{"line":69,"column":13}},{"start":{},"end":{}}],"line":64},"11":{"loc":{"start":{"line":66,"column":16},"end":{"line":67,"column":32}},"type":"if","locations":[{"start":{"line":66,"column":16},"end":{"line":67,"column":32}},{"start":{},"end":{}}],"line":66},"12":{"loc":{"start":{"line":72,"column":16},"end":{"line":74,"column":17}},"type":"if","locations":[{"start":{"line":72,"column":16},"end":{"line":74,"column":17}},{"start":{},"end":{}}],"line":72},"13":{"loc":{"start":{"line":87,"column":23},"end":{"line":87,"column":70}},"type":"binary-expr","locations":[{"start":{"line":87,"column":23},"end":{"line":87,"column":47}},{"start":{"line":87,"column":51},"end":{"line":87,"column":70}}],"line":87}},"s":{"0":3,"1":15,"2":0,"3":15,"4":10,"5":10,"6":0,"7":5,"8":5,"9":5,"10":25,"11":15,"12":3,"13":3,"14":3,"15":3,"16":3,"17":3,"18":3,"19":3,"20":2,"21":1,"22":1,"23":3,"24":3,"25":3,"26":2,"27":1,"28":1,"29":1,"30":1,"31":3,"32":3,"33":3,"34":3,"35":2,"36":1,"37":1,"38":1,"39":1,"40":3,"41":3,"42":3,"43":0,"44":0,"45":0,"46":0,"47":3,"48":3,"49":2,"50":1,"51":1,"52":1,"53":1,"54":3,"55":3,"56":3,"57":2,"58":1,"59":1,"60":3},"f":{"0":15,"1":15,"2":0,"3":15,"4":10,"5":5,"6":25,"7":3,"8":3,"9":3,"10":3,"11":3,"12":3,"13":3,"14":3,"15":3,"16":3,"17":3},"b":{"0":[3,3,3],"1":[15,0],"2":[15,15],"3":[10,15],"4":[15,15],"5":[3,3,3],"6":[2,1],"7":[3,3],"8":[1,1],"9":[1,1],"10":[0,3],"11":[0,0],"12":[1,1],"13":[2,2]},"inputSourceMap":null,"_coverageSchema":"1a1c01bbd47fc00a2c39e90264f33305004495a9","hash":"6f5c563be78c5bd29d7cb67469cf07160cfb3ead"}
,"C:\\Users\\EDWIN\\Documents\\GitHub\\Gestion-Parabellum-Group\\Backend\\src\\services\\utilisateur.service.js": {"path":"C:\\Users\\EDWIN\\Documents\\GitHub\\Gestion-Parabellum-Group\\Backend\\src\\services\\utilisateur.service.js","statementMap":{"0":{"start":{"line":2,"column":16},"end":{"line":10,"column":1}},"1":{"start":{"line":3,"column":28},"end":{"line":3,"column":110}},"2":{"start":{"line":3,"column":91},"end":{"line":3,"column":106}},"3":{"start":{"line":4,"column":4},"end":{"line":9,"column":7}},"4":{"start":{"line":5,"column":36},"end":{"line":5,"column":97}},"5":{"start":{"line":5,"column":42},"end":{"line":5,"column":70}},"6":{"start":{"line":5,"column":85},"end":{"line":5,"column":95}},"7":{"start":{"line":6,"column":35},"end":{"line":6,"column":100}},"8":{"start":{"line":6,"column":41},"end":{"line":6,"column":73}},"9":{"start":{"line":6,"column":88},"end":{"line":6,"column":98}},"10":{"start":{"line":7,"column":32},"end":{"line":7,"column":116}},"11":{"start":{"line":8,"column":8},"end":{"line":8,"column":78}},"12":{"start":{"line":11,"column":13},"end":{"line":21,"column":1}},"13":{"start":{"line":12,"column":12},"end":{"line":12,"column":14}},"14":{"start":{"line":13,"column":4},"end":{"line":14,"column":20}},"15":{"start":{"line":13,"column":21},"end":{"line":14,"column":20}},"16":{"start":{"line":14,"column":8},"end":{"line":14,"column":20}},"17":{"start":{"line":15,"column":4},"end":{"line":19,"column":9}},"18":{"start":{"line":16,"column":8},"end":{"line":19,"column":9}},"19":{"start":{"line":16,"column":21},"end":{"line":16,"column":22}},"20":{"start":{"line":16,"column":28},"end":{"line":16,"column":59}},"21":{"start":{"line":17,"column":12},"end":{"line":18,"column":34}},"22":{"start":{"line":18,"column":16},"end":{"line":18,"column":34}},"23":{"start":{"line":20,"column":4},"end":{"line":20,"column":13}},"24":{"start":{"line":22,"column":22},"end":{"line":24,"column":1}},"25":{"start":{"line":23,"column":4},"end":{"line":23,"column":62}},"26":{"start":{"line":25,"column":0},"end":{"line":25,"column":62}},"27":{"start":{"line":26,"column":0},"end":{"line":26,"column":36}},"28":{"start":{"line":27,"column":13},"end":{"line":27,"column":53}},"29":{"start":{"line":28,"column":19},"end":{"line":28,"column":55}},"30":{"start":{"line":29,"column":20},"end":{"line":29,"column":22}},"31":{"start":{"line":38,"column":8},"end":{"line":81,"column":11}},"32":{"start":{"line":39,"column":66},"end":{"line":39,"column":81}},"33":{"start":{"line":42,"column":12},"end":{"line":44,"column":13}},"34":{"start":{"line":43,"column":16},"end":{"line":43,"column":69}},"35":{"start":{"line":46,"column":12},"end":{"line":48,"column":13}},"36":{"start":{"line":47,"column":16},"end":{"line":47,"column":87}},"37":{"start":{"line":50,"column":12},"end":{"line":80,"column":13}},"38":{"start":{"line":52,"column":37},"end":{"line":52,"column":78}},"39":{"start":{"line":53,"column":16},"end":{"line":55,"column":17}},"40":{"start":{"line":54,"column":20},"end":{"line":54,"column":59}},"41":{"start":{"line":58,"column":39},"end":{"line":58,"column":95}},"42":{"start":{"line":59,"column":16},"end":{"line":61,"column":17}},"43":{"start":{"line":60,"column":20},"end":{"line":60,"column":78}},"44":{"start":{"line":64,"column":31},"end":{"line":70,"column":17}},"45":{"start":{"line":72,"column":16},"end":{"line":74,"column":17}},"46":{"start":{"line":73,"column":20},"end":{"line":73,"column":83}},"47":{"start":{"line":76,"column":16},"end":{"line":76,"column":38}},"48":{"start":{"line":78,"column":16},"end":{"line":78,"column":69}},"49":{"start":{"line":79,"column":16},"end":{"line":79,"column":28}},"50":{"start":{"line":88,"column":8},"end":{"line":105,"column":11}},"51":{"start":{"line":89,"column":12},"end":{"line":104,"column":13}},"52":{"start":{"line":90,"column":31},"end":{"line":98,"column":17}},"53":{"start":{"line":100,"column":16},"end":{"line":100,"column":43}},"54":{"start":{"line":102,"column":16},"end":{"line":102,"column":73}},"55":{"start":{"line":103,"column":16},"end":{"line":103,"column":81}},"56":{"start":{"line":112,"column":8},"end":{"line":125,"column":11}},"57":{"start":{"line":113,"column":12},"end":{"line":124,"column":13}},"58":{"start":{"line":114,"column":16},"end":{"line":120,"column":18}},"59":{"start":{"line":122,"column":16},"end":{"line":122,"column":71}},"60":{"start":{"line":123,"column":16},"end":{"line":123,"column":92}},"61":{"start":{"line":132,"column":8},"end":{"line":147,"column":11}},"62":{"start":{"line":133,"column":12},"end":{"line":146,"column":13}},"63":{"start":{"line":134,"column":31},"end":{"line":140,"column":17}},"64":{"start":{"line":142,"column":16},"end":{"line":142,"column":46}},"65":{"start":{"line":144,"column":16},"end":{"line":144,"column":68}},"66":{"start":{"line":145,"column":16},"end":{"line":145,"column":75}},"67":{"start":{"line":150,"column":0},"end":{"line":150,"column":48}}},"fnMap":{"0":{"name":"(anonymous_0)","decl":{"start":{"line":2,"column":44},"end":{"line":2,"column":45}},"loc":{"start":{"line":2,"column":89},"end":{"line":10,"column":1}},"line":2},"1":{"name":"adopt","decl":{"start":{"line":3,"column":13},"end":{"line":3,"column":18}},"loc":{"start":{"line":3,"column":26},"end":{"line":3,"column":112}},"line":3},"2":{"name":"(anonymous_2)","decl":{"start":{"line":3,"column":70},"end":{"line":3,"column":71}},"loc":{"start":{"line":3,"column":89},"end":{"line":3,"column":108}},"line":3},"3":{"name":"(anonymous_3)","decl":{"start":{"line":4,"column":36},"end":{"line":4,"column":37}},"loc":{"start":{"line":4,"column":63},"end":{"line":9,"column":5}},"line":4},"4":{"name":"fulfilled","decl":{"start":{"line":5,"column":17},"end":{"line":5,"column":26}},"loc":{"start":{"line":5,"column":34},"end":{"line":5,"column":99}},"line":5},"5":{"name":"rejected","decl":{"start":{"line":6,"column":17},"end":{"line":6,"column":25}},"loc":{"start":{"line":6,"column":33},"end":{"line":6,"column":102}},"line":6},"6":{"name":"step","decl":{"start":{"line":7,"column":17},"end":{"line":7,"column":21}},"loc":{"start":{"line":7,"column":30},"end":{"line":7,"column":118}},"line":7},"7":{"name":"(anonymous_7)","decl":{"start":{"line":11,"column":38},"end":{"line":11,"column":39}},"loc":{"start":{"line":11,"column":54},"end":{"line":21,"column":1}},"line":11},"8":{"name":"(anonymous_8)","decl":{"start":{"line":22,"column":56},"end":{"line":22,"column":57}},"loc":{"start":{"line":22,"column":71},"end":{"line":24,"column":1}},"line":22},"9":{"name":"(anonymous_9)","decl":{"start":{"line":37,"column":4},"end":{"line":37,"column":5}},"loc":{"start":{"line":37,"column":28},"end":{"line":82,"column":5}},"line":37},"10":{"name":"(anonymous_10)","decl":{"start":{"line":38,"column":47},"end":{"line":38,"column":48}},"loc":{"start":{"line":38,"column":60},"end":{"line":81,"column":9}},"line":38},"11":{"name":"(anonymous_11)","decl":{"start":{"line":87,"column":4},"end":{"line":87,"column":5}},"loc":{"start":{"line":87,"column":46},"end":{"line":106,"column":5}},"line":87},"12":{"name":"(anonymous_12)","decl":{"start":{"line":88,"column":47},"end":{"line":88,"column":48}},"loc":{"start":{"line":88,"column":60},"end":{"line":105,"column":9}},"line":88},"13":{"name":"(anonymous_13)","decl":{"start":{"line":111,"column":4},"end":{"line":111,"column":5}},"loc":{"start":{"line":111,"column":52},"end":{"line":126,"column":5}},"line":111},"14":{"name":"(anonymous_14)","decl":{"start":{"line":112,"column":47},"end":{"line":112,"column":48}},"loc":{"start":{"line":112,"column":60},"end":{"line":125,"column":9}},"line":112},"15":{"name":"(anonymous_15)","decl":{"start":{"line":131,"column":4},"end":{"line":131,"column":5}},"loc":{"start":{"line":131,"column":33},"end":{"line":148,"column":5}},"line":131},"16":{"name":"(anonymous_16)","decl":{"start":{"line":132,"column":47},"end":{"line":132,"column":48}},"loc":{"start":{"line":132,"column":60},"end":{"line":147,"column":9}},"line":132}},"branchMap":{"0":{"loc":{"start":{"line":2,"column":16},"end":{"line":10,"column":1}},"type":"binary-expr","locations":[{"start":{"line":2,"column":17},"end":{"line":2,"column":21}},{"start":{"line":2,"column":25},"end":{"line":2,"column":39}},{"start":{"line":2,"column":44},"end":{"line":10,"column":1}}],"line":2},"1":{"loc":{"start":{"line":3,"column":35},"end":{"line":3,"column":109}},"type":"cond-expr","locations":[{"start":{"line":3,"column":56},"end":{"line":3,"column":61}},{"start":{"line":3,"column":64},"end":{"line":3,"column":109}}],"line":3},"2":{"loc":{"start":{"line":4,"column":16},"end":{"line":4,"column":34}},"type":"binary-expr","locations":[{"start":{"line":4,"column":16},"end":{"line":4,"column":17}},{"start":{"line":4,"column":22},"end":{"line":4,"column":33}}],"line":4},"3":{"loc":{"start":{"line":7,"column":32},"end":{"line":7,"column":115}},"type":"cond-expr","locations":[{"start":{"line":7,"column":46},"end":{"line":7,"column":67}},{"start":{"line":7,"column":70},"end":{"line":7,"column":115}}],"line":7},"4":{"loc":{"start":{"line":8,"column":51},"end":{"line":8,"column":67}},"type":"binary-expr","locations":[{"start":{"line":8,"column":51},"end":{"line":8,"column":61}},{"start":{"line":8,"column":65},"end":{"line":8,"column":67}}],"line":8},"5":{"loc":{"start":{"line":11,"column":13},"end":{"line":21,"column":1}},"type":"binary-expr","locations":[{"start":{"line":11,"column":14},"end":{"line":11,"column":18}},{"start":{"line":11,"column":22},"end":{"line":11,"column":33}},{"start":{"line":11,"column":38},"end":{"line":21,"column":1}}],"line":11},"6":{"loc":{"start":{"line":13,"column":21},"end":{"line":14,"column":20}},"type":"if","locations":[{"start":{"line":13,"column":21},"end":{"line":14,"column":20}},{"start":{},"end":{}}],"line":13},"7":{"loc":{"start":{"line":13,"column":25},"end":{"line":13,"column":87}},"type":"binary-expr","locations":[{"start":{"line":13,"column":25},"end":{"line":13,"column":67}},{"start":{"line":13,"column":71},"end":{"line":13,"column":87}}],"line":13},"8":{"loc":{"start":{"line":15,"column":4},"end":{"line":19,"column":9}},"type":"if","locations":[{"start":{"line":15,"column":4},"end":{"line":19,"column":9}},{"start":{},"end":{}}],"line":15},"9":{"loc":{"start":{"line":15,"column":8},"end":{"line":15,"column":71}},"type":"binary-expr","locations":[{"start":{"line":15,"column":8},"end":{"line":15,"column":17}},{"start":{"line":15,"column":21},"end":{"line":15,"column":71}}],"line":15},"10":{"loc":{"start":{"line":17,"column":12},"end":{"line":18,"column":34}},"type":"if","locations":[{"start":{"line":17,"column":12},"end":{"line":18,"column":34}},{"start":{},"end":{}}],"line":17},"11":{"loc":{"start":{"line":17,"column":16},"end":{"line":17,"column":90}},"type":"binary-expr","locations":[{"start":{"line":17,"column":16},"end":{"line":17,"column":35}},{"start":{"line":17,"column":39},"end":{"line":17,"column":90}}],"line":17},"12":{"loc":{"start":{"line":22,"column":22},"end":{"line":24,"column":1}},"type":"binary-expr","locations":[{"start":{"line":22,"column":23},"end":{"line":22,"column":27}},{"start":{"line":22,"column":31},"end":{"line":22,"column":51}},{"start":{"line":22,"column":56},"end":{"line":24,"column":1}}],"line":22},"13":{"loc":{"start":{"line":23,"column":11},"end":{"line":23,"column":61}},"type":"cond-expr","locations":[{"start":{"line":23,"column":37},"end":{"line":23,"column":40}},{"start":{"line":23,"column":43},"end":{"line":23,"column":61}}],"line":23},"14":{"loc":{"start":{"line":23,"column":12},"end":{"line":23,"column":33}},"type":"binary-expr","locations":[{"start":{"line":23,"column":12},"end":{"line":23,"column":15}},{"start":{"line":23,"column":19},"end":{"line":23,"column":33}}],"line":23},"15":{"loc":{"start":{"line":42,"column":12},"end":{"line":44,"column":13}},"type":"if","locations":[{"start":{"line":42,"column":12},"end":{"line":44,"column":13}},{"start":{},"end":{}}],"line":42},"16":{"loc":{"start":{"line":42,"column":16},"end":{"line":42,"column":58}},"type":"binary-expr","locations":[{"start":{"line":42,"column":16},"end":{"line":42,"column":20}},{"start":{"line":42,"column":24},"end":{"line":42,"column":31}},{"start":{"line":42,"column":35},"end":{"line":42,"column":41}},{"start":{"line":42,"column":45},"end":{"line":42,"column":58}}],"line":42},"17":{"loc":{"start":{"line":46,"column":12},"end":{"line":48,"column":13}},"type":"if","locations":[{"start":{"line":46,"column":12},"end":{"line":48,"column":13}},{"start":{},"end":{}}],"line":46},"18":{"loc":{"start":{"line":53,"column":16},"end":{"line":55,"column":17}},"type":"if","locations":[{"start":{"line":53,"column":16},"end":{"line":55,"column":17}},{"start":{},"end":{}}],"line":53},"19":{"loc":{"start":{"line":59,"column":16},"end":{"line":61,"column":17}},"type":"if","locations":[{"start":{"line":59,"column":16},"end":{"line":61,"column":17}},{"start":{},"end":{}}],"line":59},"20":{"loc":{"start":{"line":69,"column":57},"end":{"line":69,"column":69}},"type":"binary-expr","locations":[{"start":{"line":69,"column":57},"end":{"line":69,"column":64}},{"start":{"line":69,"column":68},"end":{"line":69,"column":69}}],"line":69},"21":{"loc":{"start":{"line":72,"column":16},"end":{"line":74,"column":17}},"type":"if","locations":[{"start":{"line":72,"column":16},"end":{"line":74,"column":17}},{"start":{},"end":{}}],"line":72},"22":{"loc":{"start":{"line":142,"column":23},"end":{"line":142,"column":45}},"type":"binary-expr","locations":[{"start":{"line":142,"column":23},"end":{"line":142,"column":37}},{"start":{"line":142,"column":41},"end":{"line":142,"column":45}}],"line":142}},"s":{"0":6,"1":0,"2":0,"3":2,"4":0,"5":0,"6":0,"7":0,"8":0,"9":0,"10":0,"11":2,"12":6,"13":0,"14":0,"15":0,"16":0,"17":0,"18":0,"19":0,"20":0,"21":0,"22":0,"23":0,"24":6,"25":12,"26":6,"27":6,"28":6,"29":6,"30":6,"31":2,"32":2,"33":2,"34":0,"35":2,"36":0,"37":2,"38":2,"39":0,"40":0,"41":0,"42":0,"43":0,"44":0,"45":0,"46":0,"47":0,"48":2,"49":2,"50":0,"51":0,"52":0,"53":0,"54":0,"55":0,"56":0,"57":0,"58":0,"59":0,"60":0,"61":0,"62":0,"63":0,"64":0,"65":0,"66":0,"67":6},"f":{"0":2,"1":0,"2":0,"3":2,"4":0,"5":0,"6":0,"7":0,"8":12,"9":2,"10":2,"11":0,"12":0,"13":0,"14":0,"15":0,"16":0},"b":{"0":[6,6,6],"1":[0,0],"2":[2,2],"3":[0,0],"4":[2,2],"5":[6,6,6],"6":[0,0],"7":[0,0],"8":[0,0],"9":[0,0],"10":[0,0],"11":[0,0],"12":[6,6,6],"13":[5,7],"14":[12,12],"15":[0,2],"16":[2,2,2,2],"17":[0,2],"18":[0,0],"19":[0,0],"20":[0,0],"21":[0,0],"22":[0,0]},"inputSourceMap":null,"_coverageSchema":"1a1c01bbd47fc00a2c39e90264f33305004495a9","hash":"07bea8015c4a524d118b72b23628a79f5b7fc180"}
}
