TN:
SF:src\config\db.js
FN:2,(anonymous_0)
FN:20,(anonymous_1)
FN:25,(anonymous_2)
FNF:3
FNH:1
FNDA:7,(anonymous_0)
FNDA:0,(anonymous_1)
FNDA:0,(anonymous_2)
DA:2,7
DA:3,7
DA:5,7
DA:6,7
DA:7,7
DA:8,7
DA:9,7
DA:20,7
DA:21,0
DA:22,0
DA:24,0
DA:25,0
DA:26,0
DA:27,0
DA:28,0
DA:30,0
DA:34,7
LF:17
LH:9
BRDA:2,0,0,7
BRDA:2,0,1,7
BRDA:2,0,2,7
BRDA:3,1,0,0
BRDA:3,1,1,7
BRDA:3,2,0,7
BRDA:3,2,1,7
BRDA:10,3,0,7
BRDA:10,3,1,0
BRDA:11,4,0,7
BRDA:11,4,1,0
BRDA:12,5,0,7
BRDA:12,5,1,0
BRDA:13,6,0,7
BRDA:13,6,1,0
BRDA:14,7,0,7
BRDA:14,7,1,0
BRDA:21,8,0,0
BRDA:21,8,1,0
BRDA:24,9,0,0
BRDA:24,9,1,0
BRDA:27,10,0,0
BRDA:27,10,1,0
BRF:23
BRH:11
end_of_record
TN:
SF:src\middlewares\errorHandler.middleware.js
FN:2,(anonymous_0)
FN:17,(anonymous_1)
FN:25,(anonymous_2)
FNF:3
FNH:0
FNDA:0,(anonymous_0)
FNDA:0,(anonymous_1)
FNDA:0,(anonymous_2)
DA:2,3
DA:3,0
DA:4,0
DA:5,0
DA:6,0
DA:7,0
DA:8,0
DA:9,0
DA:11,0
DA:13,3
DA:14,3
DA:18,0
DA:19,0
DA:20,0
DA:21,0
DA:24,3
DA:25,3
DA:26,0
DA:27,0
DA:32,0
DA:33,0
DA:34,0
DA:35,0
DA:36,0
DA:39,0
DA:40,0
DA:41,0
DA:43,0
DA:44,0
DA:45,0
DA:46,0
DA:50,0
DA:52,0
DA:53,0
DA:55,3
LF:35
LH:6
BRDA:2,0,0,3
BRDA:2,0,1,3
BRDA:2,0,2,3
BRDA:4,1,0,0
BRDA:4,1,1,0
BRDA:4,2,0,0
BRDA:4,2,1,0
BRDA:6,3,0,0
BRDA:6,3,1,0
BRDA:6,4,0,0
BRDA:6,4,1,0
BRDA:8,5,0,0
BRDA:8,5,1,0
BRDA:8,6,0,0
BRDA:8,6,1,0
BRDA:32,7,0,0
BRDA:32,7,1,0
BRDA:35,8,0,0
BRDA:35,8,1,0
BRDA:39,9,0,0
BRDA:39,9,1,0
BRDA:43,10,0,0
BRDA:43,10,1,0
BRDA:50,11,0,0
BRDA:50,11,1,0
BRF:25
BRH:3
end_of_record
TN:
SF:src\services\auth.service.js
FN:2,(anonymous_0)
FN:3,adopt
FN:3,(anonymous_2)
FN:4,(anonymous_3)
FN:5,fulfilled
FN:6,rejected
FN:7,step
FN:11,(anonymous_7)
FN:25,(anonymous_8)
FN:31,(anonymous_9)
FN:32,(anonymous_10)
FN:58,(anonymous_11)
FN:59,(anonymous_12)
FN:95,(anonymous_13)
FNF:14
FNH:2
FNDA:0,(anonymous_0)
FNDA:0,adopt
FNDA:0,(anonymous_2)
FNDA:0,(anonymous_3)
FNDA:0,fulfilled
FNDA:0,rejected
FNDA:0,step
FNDA:9,(anonymous_7)
FNDA:21,(anonymous_8)
FNDA:0,(anonymous_9)
FNDA:0,(anonymous_10)
FNDA:0,(anonymous_11)
FNDA:0,(anonymous_12)
FNDA:0,(anonymous_13)
DA:2,3
DA:3,0
DA:4,0
DA:5,0
DA:6,0
DA:7,0
DA:8,0
DA:11,3
DA:12,9
DA:14,3
DA:15,3
DA:16,3
DA:17,3
DA:18,3
DA:19,3
DA:20,3
DA:22,3
DA:23,3
DA:26,21
DA:32,0
DA:33,0
DA:34,0
DA:36,0
DA:37,0
DA:38,0
DA:47,0
DA:48,0
DA:50,0
DA:51,0
DA:59,0
DA:61,0
DA:62,0
DA:63,0
DA:64,0
DA:66,0
DA:67,0
DA:68,0
DA:70,0
DA:71,0
DA:72,0
DA:84,0
DA:85,0
DA:87,0
DA:88,0
DA:96,0
DA:97,0
DA:100,0
DA:104,3
LF:48
LH:14
BRDA:2,0,0,3
BRDA:2,0,1,3
BRDA:2,0,2,3
BRDA:3,1,0,0
BRDA:3,1,1,0
BRDA:4,2,0,0
BRDA:4,2,1,0
BRDA:7,3,0,0
BRDA:7,3,1,0
BRDA:8,4,0,0
BRDA:8,4,1,0
BRDA:11,5,0,3
BRDA:11,5,1,3
BRDA:11,5,2,3
BRDA:12,6,0,0
BRDA:12,6,1,9
BRDA:12,7,0,9
BRDA:12,7,1,9
BRDA:22,8,0,3
BRDA:22,8,1,0
BRDA:23,9,0,3
BRDA:23,9,1,0
BRDA:47,10,0,0
BRDA:47,10,1,0
BRDA:47,11,0,0
BRDA:47,11,1,0
BRDA:63,12,0,0
BRDA:63,12,1,0
BRDA:67,13,0,0
BRDA:67,13,1,0
BRDA:79,14,0,0
BRDA:79,14,1,0
BRDA:79,15,0,0
BRDA:79,15,1,0
BRDA:84,16,0,0
BRDA:84,16,1,0
BRF:36
BRH:11
end_of_record
TN:
SF:src\services\role.service.js
FN:2,(anonymous_0)
FN:3,adopt
FN:3,(anonymous_2)
FN:4,(anonymous_3)
FN:5,fulfilled
FN:6,rejected
FN:7,step
FN:11,(anonymous_7)
FN:18,(anonymous_8)
FN:19,(anonymous_9)
FN:30,(anonymous_10)
FN:31,(anonymous_11)
FN:45,(anonymous_12)
FN:46,(anonymous_13)
FN:61,(anonymous_14)
FN:62,(anonymous_15)
FN:83,(anonymous_16)
FN:84,(anonymous_17)
FNF:18
FNH:17
FNDA:15,(anonymous_0)
FNDA:15,adopt
FNDA:0,(anonymous_2)
FNDA:15,(anonymous_3)
FNDA:10,fulfilled
FNDA:5,rejected
FNDA:25,step
FNDA:3,(anonymous_7)
FNDA:3,(anonymous_8)
FNDA:3,(anonymous_9)
FNDA:3,(anonymous_10)
FNDA:3,(anonymous_11)
FNDA:3,(anonymous_12)
FNDA:3,(anonymous_13)
FNDA:3,(anonymous_14)
FNDA:3,(anonymous_15)
FNDA:3,(anonymous_16)
FNDA:3,(anonymous_17)
DA:2,3
DA:3,15
DA:4,15
DA:5,10
DA:6,5
DA:7,25
DA:8,15
DA:11,3
DA:12,3
DA:14,3
DA:15,3
DA:16,3
DA:19,3
DA:20,3
DA:21,3
DA:22,2
DA:25,1
DA:26,1
DA:31,3
DA:32,3
DA:33,3
DA:34,2
DA:35,1
DA:37,1
DA:40,1
DA:41,1
DA:46,3
DA:47,3
DA:48,3
DA:49,3
DA:50,2
DA:51,1
DA:53,1
DA:56,1
DA:57,1
DA:62,3
DA:63,3
DA:64,3
DA:65,0
DA:66,0
DA:67,0
DA:68,0
DA:70,3
DA:71,3
DA:72,2
DA:73,1
DA:75,1
DA:78,1
DA:79,1
DA:84,3
DA:85,3
DA:86,3
DA:87,2
DA:90,1
DA:91,1
DA:96,3
LF:56
LH:52
BRDA:2,0,0,3
BRDA:2,0,1,3
BRDA:2,0,2,3
BRDA:3,1,0,15
BRDA:3,1,1,0
BRDA:4,2,0,15
BRDA:4,2,1,15
BRDA:7,3,0,10
BRDA:7,3,1,15
BRDA:8,4,0,15
BRDA:8,4,1,15
BRDA:11,5,0,3
BRDA:11,5,1,3
BRDA:11,5,2,3
BRDA:12,6,0,2
BRDA:12,6,1,1
BRDA:12,7,0,3
BRDA:12,7,1,3
BRDA:34,8,0,1
BRDA:34,8,1,1
BRDA:50,9,0,1
BRDA:50,9,1,1
BRDA:64,10,0,0
BRDA:64,10,1,3
BRDA:66,11,0,0
BRDA:66,11,1,0
BRDA:72,12,0,1
BRDA:72,12,1,1
BRDA:87,13,0,2
BRDA:87,13,1,2
BRF:30
BRH:26
end_of_record
TN:
SF:src\services\utilisateur.service.js
FN:2,(anonymous_0)
FN:3,adopt
FN:3,(anonymous_2)
FN:4,(anonymous_3)
FN:5,fulfilled
FN:6,rejected
FN:7,step
FN:11,(anonymous_7)
FN:22,(anonymous_8)
FN:37,(anonymous_9)
FN:38,(anonymous_10)
FN:87,(anonymous_11)
FN:88,(anonymous_12)
FN:111,(anonymous_13)
FN:112,(anonymous_14)
FN:131,(anonymous_15)
FN:132,(anonymous_16)
FNF:17
FNH:5
FNDA:2,(anonymous_0)
FNDA:0,adopt
FNDA:0,(anonymous_2)
FNDA:2,(anonymous_3)
FNDA:0,fulfilled
FNDA:0,rejected
FNDA:0,step
FNDA:0,(anonymous_7)
FNDA:12,(anonymous_8)
FNDA:2,(anonymous_9)
FNDA:2,(anonymous_10)
FNDA:0,(anonymous_11)
FNDA:0,(anonymous_12)
FNDA:0,(anonymous_13)
FNDA:0,(anonymous_14)
FNDA:0,(anonymous_15)
FNDA:0,(anonymous_16)
DA:2,6
DA:3,0
DA:4,2
DA:5,0
DA:6,0
DA:7,0
DA:8,2
DA:11,6
DA:12,0
DA:13,0
DA:14,0
DA:15,0
DA:16,0
DA:17,0
DA:18,0
DA:20,0
DA:22,6
DA:23,12
DA:25,6
DA:26,6
DA:27,6
DA:28,6
DA:29,6
DA:38,2
DA:39,2
DA:42,2
DA:43,0
DA:46,2
DA:47,0
DA:50,2
DA:52,2
DA:53,0
DA:54,0
DA:58,0
DA:59,0
DA:60,0
DA:64,0
DA:72,0
DA:73,0
DA:76,0
DA:78,2
DA:79,2
DA:88,0
DA:89,0
DA:90,0
DA:100,0
DA:102,0
DA:103,0
DA:112,0
DA:113,0
DA:114,0
DA:122,0
DA:123,0
DA:132,0
DA:133,0
DA:134,0
DA:142,0
DA:144,0
DA:145,0
DA:150,6
LF:60
LH:20
BRDA:2,0,0,6
BRDA:2,0,1,6
BRDA:2,0,2,6
BRDA:3,1,0,0
BRDA:3,1,1,0
BRDA:4,2,0,2
BRDA:4,2,1,2
BRDA:7,3,0,0
BRDA:7,3,1,0
BRDA:8,4,0,2
BRDA:8,4,1,2
BRDA:11,5,0,6
BRDA:11,5,1,6
BRDA:11,5,2,6
BRDA:13,6,0,0
BRDA:13,6,1,0
BRDA:13,7,0,0
BRDA:13,7,1,0
BRDA:15,8,0,0
BRDA:15,8,1,0
BRDA:15,9,0,0
BRDA:15,9,1,0
BRDA:17,10,0,0
BRDA:17,10,1,0
BRDA:17,11,0,0
BRDA:17,11,1,0
BRDA:22,12,0,6
BRDA:22,12,1,6
BRDA:22,12,2,6
BRDA:23,13,0,5
BRDA:23,13,1,7
BRDA:23,14,0,12
BRDA:23,14,1,12
BRDA:42,15,0,0
BRDA:42,15,1,2
BRDA:42,16,0,2
BRDA:42,16,1,2
BRDA:42,16,2,2
BRDA:42,16,3,2
BRDA:46,17,0,0
BRDA:46,17,1,2
BRDA:53,18,0,0
BRDA:53,18,1,0
BRDA:59,19,0,0
BRDA:59,19,1,0
BRDA:69,20,0,0
BRDA:69,20,1,0
BRDA:72,21,0,0
BRDA:72,21,1,0
BRDA:142,22,0,0
BRDA:142,22,1,0
BRF:51
BRH:23
end_of_record
